# JRE version: OpenJDK Runtime Environment (19.0.1+10) (build 19.0.1+10-21)
# Java VM: OpenJDK 64-Bit Server VM (19.0.1+10-21, mixed mode, sharing, tiered, compressed oops, compressed class ptrs, g1 gc, windows-amd64)
GC Precious Log:
 CardTable entry size: 512
 Card Set container configuration: InlinePtr #cards 5 size 8 Array Of Cards #cards 12 size 40 Howl #buckets 4 coarsen threshold 1843 Howl Bitmap #cards 512 size 80 coarsen threshold 460 Card regions per heap region 1 cards per card region 2048
 CPUs: 12 total, 12 available
 Memory: 7541M
 Large Page Support: Disabled
 NUMA Support: Disabled
 Compressed Oops: Enabled (32-bit)
 Heap Region Size: 1M
 Heap Min Capacity: 8M
 Heap Initial Capacity: 118M
 Heap Max Capacity: 1886M
 Pre-touch: Disabled
 Parallel Workers: 10
 Concurrent Workers: 3
 Concurrent Refinement Workers: 10
 Periodic GC: Disabled
Heap:
 garbage-first heap   total 120832K, used 27749K [0x000000008a200000, 0x0000000100000000)
  region size 1024K, 2 young (2048K), 2 survivors (2048K)
 Metaspace       used 66290K, committed 66944K, reserved 1114112K
  class space    used 8724K, committed 9024K, reserved 1048576K
GC Heap History (20 events):
Event: 2.435 GC heap after
{Heap after GC invocations=6 (full 0):
 garbage-first heap   total 55296K, used 15664K [0x000000008a200000, 0x0000000100000000)
  region size 1024K, 1 young (1024K), 1 survivors (1024K)
 Metaspace       used 24803K, committed 25152K, reserved 1114112K
  class space    used 3067K, committed 3264K, reserved 1048576K
}
Event: 2.950 GC heap before
{Heap before GC invocations=6 (full 0):
 garbage-first heap   total 55296K, used 36144K [0x000000008a200000, 0x0000000100000000)
  region size 1024K, 22 young (22528K), 1 survivors (1024K)
 Metaspace       used 28770K, committed 29248K, reserved 1114112K
  class space    used 3618K, committed 3840K, reserved 1048576K
}
Event: 2.954 GC heap after
{Heap after GC invocations=7 (full 0):
 garbage-first heap   total 55296K, used 17451K [0x000000008a200000, 0x0000000100000000)
  region size 1024K, 3 young (3072K), 3 survivors (3072K)
 Metaspace       used 28770K, committed 29248K, reserved 1114112K
  class space    used 3618K, committed 3840K, reserved 1048576K
}
Event: 3.398 GC heap before
{Heap before GC invocations=7 (full 0):
 garbage-first heap   total 55296K, used 38955K [0x000000008a200000, 0x0000000100000000)
  region size 1024K, 24 young (24576K), 3 survivors (3072K)
 Metaspace       used 32431K, committed 32896K, reserved 1114112K
  class space    used 4080K, committed 4288K, reserved 1048576K
}
Event: 3.405 GC heap after
{Heap after GC invocations=8 (full 0):
 garbage-first heap   total 55296K, used 19126K [0x000000008a200000, 0x0000000100000000)
  region size 1024K, 2 young (2048K), 2 survivors (2048K)
 Metaspace       used 32431K, committed 32896K, reserved 1114112K
  class space    used 4080K, committed 4288K, reserved 1048576K
}
Event: 3.775 GC heap before
{Heap before GC invocations=8 (full 0):
 garbage-first heap   total 55296K, used 33462K [0x000000008a200000, 0x0000000100000000)
  region size 1024K, 18 young (18432K), 2 survivors (2048K)
 Metaspace       used 35582K, committed 36096K, reserved 1114112K
  class space    used 4496K, committed 4736K, reserved 1048576K
}
Event: 3.780 GC heap after
{Heap after GC invocations=9 (full 0):
 garbage-first heap   total 82944K, used 20166K [0x000000008a200000, 0x0000000100000000)
  region size 1024K, 1 young (1024K), 1 survivors (1024K)
 Metaspace       used 35582K, committed 36096K, reserved 1114112K
  class space    used 4496K, committed 4736K, reserved 1048576K
}
Event: 5.051 GC heap before
{Heap before GC invocations=10 (full 0):
 garbage-first heap   total 71680K, used 61126K [0x000000008a200000, 0x0000000100000000)
  region size 1024K, 42 young (43008K), 1 survivors (1024K)
 Metaspace       used 49896K, committed 50368K, reserved 1114112K
  class space    used 6323K, committed 6528K, reserved 1048576K
}
Event: 5.057 GC heap after
{Heap after GC invocations=11 (full 0):
 garbage-first heap   total 71680K, used 23800K [0x000000008a200000, 0x0000000100000000)
  region size 1024K, 5 young (5120K), 5 survivors (5120K)
 Metaspace       used 49896K, committed 50368K, reserved 1114112K
  class space    used 6323K, committed 6528K, reserved 1048576K
}
Event: 5.060 GC heap before
{Heap before GC invocations=11 (full 0):
 garbage-first heap   total 71680K, used 24824K [0x000000008a200000, 0x0000000100000000)
  region size 1024K, 6 young (6144K), 5 survivors (5120K)
 Metaspace       used 49896K, committed 50368K, reserved 1114112K
  class space    used 6323K, committed 6528K, reserved 1048576K
}
Event: 5.066 GC heap after
{Heap after GC invocations=12 (full 0):
 garbage-first heap   total 71680K, used 24125K [0x000000008a200000, 0x0000000100000000)
  region size 1024K, 1 young (1024K), 1 survivors (1024K)
 Metaspace       used 49896K, committed 50368K, reserved 1114112K
  class space    used 6323K, committed 6528K, reserved 1048576K
}
Event: 5.691 GC heap before
{Heap before GC invocations=12 (full 0):
 garbage-first heap   total 71680K, used 53821K [0x000000008a200000, 0x0000000100000000)
  region size 1024K, 31 young (31744K), 1 survivors (1024K)
 Metaspace       used 58410K, committed 58944K, reserved 1114112K
  class space    used 7607K, committed 7808K, reserved 1048576K
}
Event: 5.695 GC heap after
{Heap after GC invocations=13 (full 0):
 garbage-first heap   total 71680K, used 24718K [0x000000008a200000, 0x0000000100000000)
  region size 1024K, 2 young (2048K), 2 survivors (2048K)
 Metaspace       used 58410K, committed 58944K, reserved 1114112K
  class space    used 7607K, committed 7808K, reserved 1048576K
}
Event: 5.790 GC heap before
{Heap before GC invocations=13 (full 0):
 garbage-first heap   total 71680K, used 29838K [0x000000008a200000, 0x0000000100000000)
  region size 1024K, 8 young (8192K), 2 survivors (2048K)
 Metaspace       used 59948K, committed 60480K, reserved 1114112K
  class space    used 7827K, committed 8064K, reserved 1048576K
}
Event: 5.793 GC heap after
{Heap after GC invocations=14 (full 0):
 garbage-first heap   total 71680K, used 24921K [0x000000008a200000, 0x0000000100000000)
  region size 1024K, 2 young (2048K), 2 survivors (2048K)
 Metaspace       used 59948K, committed 60480K, reserved 1114112K
  class space    used 7827K, committed 8064K, reserved 1048576K
}
Event: 6.370 GC heap before
{Heap before GC invocations=15 (full 0):
 garbage-first heap   total 71680K, used 56665K [0x000000008a200000, 0x0000000100000000)
  region size 1024K, 33 young (33792K), 2 survivors (2048K)
 Metaspace       used 65033K, committed 65664K, reserved 1114112K
  class space    used 8566K, committed 8896K, reserved 1048576K
}
Event: 6.376 GC heap after
{Heap after GC invocations=16 (full 0):
 garbage-first heap   total 71680K, used 27026K [0x000000008a200000, 0x0000000100000000)
  region size 1024K, 4 young (4096K), 4 survivors (4096K)
 Metaspace       used 65033K, committed 65664K, reserved 1114112K
  class space    used 8566K, committed 8896K, reserved 1048576K
}
Event: 6.382 GC heap before
{Heap before GC invocations=16 (full 0):
 garbage-first heap   total 71680K, used 28050K [0x000000008a200000, 0x0000000100000000)
  region size 1024K, 5 young (5120K), 4 survivors (4096K)
 Metaspace       used 65063K, committed 65728K, reserved 1114112K
  class space    used 8568K, committed 8896K, reserved 1048576K
}
Event: 6.388 GC heap after
{Heap after GC invocations=17 (full 0):
 garbage-first heap   total 71680K, used 27027K [0x000000008a200000, 0x0000000100000000)
  region size 1024K, 1 young (1024K), 1 survivors (1024K)
 Metaspace       used 65063K, committed 65728K, reserved 1114112K
  class space    used 8568K, committed 8896K, reserved 1048576K
}
Event: 6.651 GC heap before
{Heap before GC invocations=17 (full 0):
 garbage-first heap   total 71680K, used 55699K [0x000000008a200000, 0x0000000100000000)
  region size 1024K, 30 young (30720K), 1 survivors (1024K)
 Metaspace       used 66290K, committed 66944K, reserved 1114112K
  class space    used 8724K, committed 9024K, reserved 1048576K
}

